<?xml version="1.0" encoding="UTF-8"?>
<!-- Generated by org.testng.reporters.JUnitReportReporter -->
<testsuite hostname="LAPTOP-MS8QUSSL" failures="0" tests="1" name="api.api" time="13.462" errors="0" timestamp="2021-09-17T13:31:07 IST" skipped="0">
  <testcase classname="api.api" name="deleteapi" time="13.462"/>
  <system-out/>
</testsuite> <!-- api.api -->
