<?xml version="1.0" encoding="UTF-8"?>
<!-- Generated by org.testng.reporters.JUnitReportReporter -->
<testsuite hostname="LAPTOP-MS8QUSSL" failures="0" tests="1" name="api.NewTest" time="1.203" errors="0" timestamp="2021-09-14T13:28:17 IST" skipped="0">
  <testcase classname="api.NewTest" name="APItest" time="1.203"/>
  <system-out/>
</testsuite> <!-- api.NewTest -->
